<?xml version="1.0" encoding="UTF-8"?>
<testng-results skipped="0" failed="0" total="3" passed="3">
  <reporter-output>
  </reporter-output>
  <suite name="Default suite" duration-ms="128012" started-at="2019-09-03T11:26:56Z" finished-at="2019-09-03T11:29:04Z">
    <groups>
    </groups>
    <test name="Default test" duration-ms="128012" started-at="2019-09-03T11:26:56Z" finished-at="2019-09-03T11:29:04Z">
      <class name="com.test.au.TestUIflow">
        <test-method status="PASS" signature="setup()[pri:0, instance:com.test.au.TestUIflow@49e4cb85]" name="setup" is-config="true" duration-ms="33484" started-at="2019-09-03T21:26:58Z" finished-at="2019-09-03T21:27:31Z">
          <reporter-output>
          </reporter-output>
        </test-method> <!-- setup -->
        <test-method status="PASS" signature="testUIAutomationFlow(java.util.Map)[pri:0, instance:com.test.au.TestUIflow@49e4cb85]" name="testUIAutomationFlow" duration-ms="24536" started-at="2019-09-03T21:27:31Z" data-provider="myData" finished-at="2019-09-03T21:27:56Z">
          <params>
            <param index="0">
              <value>
                <![CDATA[{Service CentreName=Silverwater Service Centre, ServiceCentrePostCode=Northmead 2152, Sno=1.0, Browser=Chrome}]]>
              </value>
            </param>
          </params>
          <reporter-output>
          </reporter-output>
        </test-method> <!-- testUIAutomationFlow -->
        <test-method status="PASS" signature="afterTest()[pri:0, instance:com.test.au.TestUIflow@49e4cb85]" name="afterTest" is-config="true" duration-ms="1441" started-at="2019-09-03T21:27:56Z" finished-at="2019-09-03T21:27:57Z">
          <reporter-output>
          </reporter-output>
        </test-method> <!-- afterTest -->
        <test-method status="PASS" signature="setup()[pri:0, instance:com.test.au.TestUIflow@49e4cb85]" name="setup" is-config="true" duration-ms="12530" started-at="2019-09-03T21:27:57Z" finished-at="2019-09-03T21:28:10Z">
          <reporter-output>
          </reporter-output>
        </test-method> <!-- setup -->
        <test-method status="PASS" signature="testUIAutomationFlow(java.util.Map)[pri:0, instance:com.test.au.TestUIflow@49e4cb85]" name="testUIAutomationFlow" duration-ms="23821" started-at="2019-09-03T21:28:10Z" data-provider="myData" finished-at="2019-09-03T21:28:33Z">
          <params>
            <param index="0">
              <value>
                <![CDATA[{Service CentreName=Marrickville Service Centre, ServiceCentrePostCode=Sydney Domestic Airport 2020, Sno=2.0, Browser=Chrome}]]>
              </value>
            </param>
          </params>
          <reporter-output>
          </reporter-output>
        </test-method> <!-- testUIAutomationFlow -->
        <test-method status="PASS" signature="afterTest()[pri:0, instance:com.test.au.TestUIflow@49e4cb85]" name="afterTest" is-config="true" duration-ms="1036" started-at="2019-09-03T21:28:33Z" finished-at="2019-09-03T21:28:34Z">
          <reporter-output>
          </reporter-output>
        </test-method> <!-- afterTest -->
        <test-method status="PASS" signature="setup()[pri:0, instance:com.test.au.TestUIflow@49e4cb85]" name="setup" is-config="true" duration-ms="11787" started-at="2019-09-03T21:28:34Z" finished-at="2019-09-03T21:28:46Z">
          <reporter-output>
          </reporter-output>
        </test-method> <!-- setup -->
        <test-method status="PASS" signature="testUIAutomationFlow(java.util.Map)[pri:0, instance:com.test.au.TestUIflow@49e4cb85]" name="testUIAutomationFlow" duration-ms="16667" started-at="2019-09-03T21:28:46Z" data-provider="myData" finished-at="2019-09-03T21:29:03Z">
          <params>
            <param index="0">
              <value>
                <![CDATA[{Service CentreName=Botany Service Centre, ServiceCentrePostCode=Sydney International Airport 2020, Sno=3.0, Browser=Chrome}]]>
              </value>
            </param>
          </params>
          <reporter-output>
          </reporter-output>
        </test-method> <!-- testUIAutomationFlow -->
        <test-method status="PASS" signature="afterTest()[pri:0, instance:com.test.au.TestUIflow@49e4cb85]" name="afterTest" is-config="true" duration-ms="1394" started-at="2019-09-03T21:29:03Z" finished-at="2019-09-03T21:29:04Z">
          <reporter-output>
          </reporter-output>
        </test-method> <!-- afterTest -->
      </class> <!-- com.test.au.TestUIflow -->
    </test> <!-- Default test -->
  </suite> <!-- Default suite -->
</testng-results>
