<?xml version="1.0" encoding="UTF-8"?>
<testng-results skipped="0" failed="0" total="2" passed="2">
  <reporter-output>
  </reporter-output>
  <suite name="Default suite" duration-ms="10152" started-at="2019-09-03T11:31:23Z" finished-at="2019-09-03T11:31:33Z">
    <groups>
    </groups>
    <test name="Default test" duration-ms="10152" started-at="2019-09-03T11:31:23Z" finished-at="2019-09-03T11:31:33Z">
      <class name="com.test.au.APITest">
        <test-method status="PASS" signature="testGET_Postcode_for_latlon()[pri:1, instance:com.test.au.APITest@1fbc7afb]" name="testGET_Postcode_for_latlon" duration-ms="8476" started-at="2019-09-03T21:31:23Z" finished-at="2019-09-03T21:31:32Z">
          <reporter-output>
          </reporter-output>
        </test-method> <!-- testGET_Postcode_for_latlon -->
        <test-method status="PASS" signature="testGET_weather_for_postcode()[pri:2, instance:com.test.au.APITest@1fbc7afb]" name="testGET_weather_for_postcode" duration-ms="1593" started-at="2019-09-03T21:31:32Z" finished-at="2019-09-03T21:31:33Z">
          <reporter-output>
          </reporter-output>
        </test-method> <!-- testGET_weather_for_postcode -->
      </class> <!-- com.test.au.APITest -->
    </test> <!-- Default test -->
  </suite> <!-- Default suite -->
</testng-results>
