<?xml version="1.0" encoding="UTF-8"?>
<!-- Generated by org.testng.reporters.JUnitXMLReporter -->
<testsuite hostname="LAPTOP-TP7EK7TR" name="Default test" tests="3" failures="0" timestamp="3 Sep 2019 11:29:04 GMT" time="128.012" errors="0">
  <testcase name="testUIAutomationFlow" time="24.536" classname="com.test.au.TestUIflow"/>
  <testcase name="testUIAutomationFlow" time="23.821" classname="com.test.au.TestUIflow"/>
  <testcase name="testUIAutomationFlow" time="16.667" classname="com.test.au.TestUIflow"/>
</testsuite> <!-- Default test -->
